# csgo bot accounts found by @fr0stak3n
# started 17.12.2025
# nr. of games: 9
# total(banned): 50(0)

https://steamcommunity.com/profiles/76561199215102326/ # 12,017 market transactions
https://steamcommunity.com/profiles/76561199868886203/
https://steamcommunity.com/profiles/76561198784619671/
https://steamcommunity.com/profiles/76561198111479539/
https://steamcommunity.com/profiles/76561199743542747/
https://steamcommunity.com/profiles/76561199884814039/
https://steamcommunity.com/profiles/76561198777661276/
https://steamcommunity.com/profiles/76561199819168862/
https://steamcommunity.com/profiles/76561198761773722/
https://steamcommunity.com/profiles/76561198775103494/
https://steamcommunity.com/profiles/76561198766826953/
https://steamcommunity.com/profiles/76561198775036801/
https://steamcommunity.com/profiles/76561198766424464/
https://steamcommunity.com/profiles/76561198763366711/
https://steamcommunity.com/profiles/76561199163688845/
https://steamcommunity.com/profiles/76561199889457854/
https://steamcommunity.com/profiles/76561198010215737/ #2k hours, 16 YOE
https://steamcommunity.com/profiles/76561199887219529/
https://steamcommunity.com/profiles/76561199751891511/
https://steamcommunity.com/profiles/76561198763284457/
https://steamcommunity.com/profiles/76561198774932556/
https://steamcommunity.com/profiles/76561199827421465/
https://steamcommunity.com/profiles/76561199819867179/
https://steamcommunity.com/profiles/76561198065256120/ # 13 YOE, 10 year veteran coin
https://steamcommunity.com/profiles/76561198768342727/
https://steamcommunity.com/profiles/76561199808801959/
https://steamcommunity.com/profiles/76561199800334729/
https://steamcommunity.com/profiles/76561199376494524/
https://steamcommunity.com/profiles/76561199617337876/
https://steamcommunity.com/profiles/76561198762878352/
https://steamcommunity.com/profiles/76561198764683611/
https://steamcommunity.com/profiles/76561198793095572/
https://steamcommunity.com/profiles/76561199855317578/
https://steamcommunity.com/profiles/76561198763460114/
https://steamcommunity.com/profiles/76561199889985410/
https://steamcommunity.com/profiles/76561199681010362/
https://steamcommunity.com/profiles/76561199823598264/
https://steamcommunity.com/profiles/76561199820385141/
https://steamcommunity.com/profiles/76561199770918359/
https://steamcommunity.com/profiles/76561199821140232/
https://steamcommunity.com/profiles/76561199828447634/
https://steamcommunity.com/profiles/76561198764378505/
https://steamcommunity.com/profiles/76561199750637239/
https://steamcommunity.com/profiles/76561198782439532/
https://steamcommunity.com/profiles/76561199852001624/
https://steamcommunity.com/profiles/76561198777840789/
https://steamcommunity.com/profiles/76561198793033549/
https://steamcommunity.com/profiles/76561199559679879/
https://steamcommunity.com/profiles/76561199889568880/
