# csgo bot accounts found by @fr0stak3n
# started 17.12.2025
# nr. of games: 1
# total(banned): 21(0)

http://steamcommunity.com/profiles/76561199215102326 # 12,017 market transactions
https://steamcommunity.com/profiles/76561199868886203/
https://steamcommunity.com/profiles/76561198784619671/
https://steamcommunity.com/profiles/76561198111479539/
https://steamcommunity.com/profiles/76561199743542747/
http://steamcommunity.com/profiles/76561199884814039
https://steamcommunity.com/profiles/76561198777661276/
https://steamcommunity.com/profiles/76561199819168862/
https://steamcommunity.com/profiles/76561198761773722/
https://steamcommunity.com/profiles/76561198775103494/
https://steamcommunity.com/profiles/76561198766826953/
https://steamcommunity.com/profiles/76561198775036801/
https://steamcommunity.com/profiles/76561198766424464/
https://steamcommunity.com/profiles/76561198763366711/
http://steamcommunity.com/profiles/76561199163688845
https://steamcommunity.com/profiles/76561199889457854/
http://steamcommunity.com/profiles/76561198010215737 #2k hours, 16 YOE
https://steamcommunity.com/profiles/76561199887219529/
https://steamcommunity.com/profiles/76561199751891511/
https://steamcommunity.com/profiles/76561198763284457/
https://steamcommunity.com/profiles/76561198774932556/
https://steamcommunity.com/profiles/76561199827421465/
https://steamcommunity.com/profiles/76561199819867179/
http://steamcommunity.com/profiles/76561198065256120 # 13 YOE, 10 year veteran coin
https://steamcommunity.com/profiles/76561198768342727/
https://steamcommunity.com/profiles/76561199808801959/
https://steamcommunity.com/profiles/76561199800334729/
http://steamcommunity.com/profiles/76561199376494524
https://steamcommunity.com/profiles/76561199617337876/
